<xml xmlns="http://www.w3.org/1999/xhtml">
  <block type="input_move" id="z_?GhuEvIQX:D^]0hfc1" x="60" y="26">
    <statement name="STACK">
      <block type="controls_if" id="@+L@b@O(-d(}C-/K9J)i">
        <value name="IF0">
          <block type="logic_compare" id="8g.kVKWh)R?=sj*w%{xP">
            <field name="OP">EQ</field>
            <value name="A">
              <block type="sector_get_sector" id="]QqXt20Be;gD(;HHBT*!">
                <value name="TOKEN">
                  <shadow type="token_current_token" id="=,q-H1JN.{W.DYG]-*Hh"></shadow>
                </value>
              </block>
            </value>
            <value name="B">
              <block type="sector_sector" id="rDr}=_BNwO]oLB#q)i4~">
                <field name="SECTOR">Light Blue</field>
              </block>
            </value>
          </block>
        </value>
        <statement name="DO0">
          <block type="output_show_text" id="B,PpFR=0r-gYN[?FZBMt">
            <field name="FIELD">message1</field>
            <value name="TEXT">
              <shadow type="text" id="Zv3cEMnFF#~cG]om.4tu">
                <field name="TEXT">LIGHT BLUE</field>
              </shadow>
            </value>
          </block>
        </statement>
      </block>
    </statement>
  </block>
  <block type="input_move" id="IgOG=ua/K0c*ZF8:JWN!" x="726" y="21">
    <statement name="STACK">
      <block type="controls_if" id="e$G`hecR2@y%8cO$y/Tf">
        <value name="IF0">
          <block type="logic_compare" id="TBy][Dxxr:r?s($-RG=0">
            <field name="OP">EQ</field>
            <value name="A">
              <block type="sector_get_sector" id="I,GO1SP=cX{ZOTgCnTB0">
                <value name="TOKEN">
                  <shadow type="token_current_token" id="#PU+N(np1H5c%^X(viDP"></shadow>
                </value>
              </block>
            </value>
            <value name="B">
              <block type="sector_sector" id="rjTOW+WSw2VrdG:0qzXq">
                <field name="SECTOR">Blue</field>
              </block>
            </value>
          </block>
        </value>
        <statement name="DO0">
          <block type="output_show_text" id="Oc*!U;U?i(JumLv-Xo5X">
            <field name="FIELD">message1</field>
            <value name="TEXT">
              <shadow type="text" id="]#Nw+Bt9w0NKMxG~_ArV">
                <field name="TEXT">BLUE</field>
              </shadow>
            </value>
          </block>
        </statement>
      </block>
    </statement>
  </block>
  <block type="input_move" id="OC[#2Oia-HgZVgn[T{:J" x="58" y="205">
    <statement name="STACK">
      <block type="controls_if" id="u+xu)w39(+^=Yd9k_.]_">
        <value name="IF0">
          <block type="logic_compare" id="K[Gv[gXO=b3%qmoUb,w@">
            <field name="OP">EQ</field>
            <value name="A">
              <block type="sector_get_sector" id="n`{+cR.kw:-)(8SBYa)m">
                <value name="TOKEN">
                  <shadow type="token_current_token" id="`%@(VQh:ZP$5A2=yeZdK"></shadow>
                </value>
              </block>
            </value>
            <value name="B">
              <block type="sector_sector" id="PUErGQZj-E_BC??frk9#">
                <field name="SECTOR">Dark Blue</field>
              </block>
            </value>
          </block>
        </value>
        <statement name="DO0">
          <block type="output_show_text" id="iwAA(8Gw]w/i!aSN.!y,">
            <field name="FIELD">message1</field>
            <value name="TEXT">
              <shadow type="text" id="e,VXq`HySx+UuRQW@s`y">
                <field name="TEXT">DARK BLUE</field>
              </shadow>
            </value>
          </block>
        </statement>
      </block>
    </statement>
  </block>
  <block type="input_move" id="@L%bNQ~3Jkfz~i1S41~Y" x="747" y="214">
    <statement name="STACK">
      <block type="controls_if" id="/hbVAhQqd_o)y]NG8X4S">
        <value name="IF0">
          <block type="logic_compare" id="/v-y6?etx1nuF9?xRhJ7">
            <field name="OP">EQ</field>
            <value name="A">
              <block type="sector_get_sector" id="%oUBnnX1dtf@R{sQ4pt|">
                <value name="TOKEN">
                  <shadow type="token_current_token" id=";Q)@ST~!gMedV3R|Sym|"></shadow>
                </value>
              </block>
            </value>
            <value name="B">
              <block type="sector_sector" id="qK{jKwB1h#Ue+k($E=I0">
                <field name="SECTOR">Start Sector</field>
              </block>
            </value>
          </block>
        </value>
        <statement name="DO0">
          <block type="output_show_text" id="Nd/=F)*]rS]Ek[VhpBcA">
            <field name="FIELD">message1</field>
            <value name="TEXT">
              <shadow type="text" id="i*)fE5J9:Lxa*6m4War#">
                <field name="TEXT">START</field>
              </shadow>
            </value>
          </block>
        </statement>
      </block>
    </statement>
  </block>
  <block type="input_move" id=",q0),y9MV5bI;b%_1iQV" x="61" y="375">
    <statement name="STACK">
      <block type="controls_if" id=",CI32r,/sho*5sF)y4(z">
        <value name="IF0">
          <block type="logic_compare" id="T9!z}N4o$(,9k!ioZ?MR">
            <field name="OP">EQ</field>
            <value name="A">
              <block type="sector_get_sector" id="3LR:JF=kZ|U+VHyGsLub">
                <value name="TOKEN">
                  <shadow type="token_current_token" id="CpA)K%0Nr[WoY{{RxnH~"></shadow>
                </value>
              </block>
            </value>
            <value name="B">
              <block type="sector_sector" id="O6K-%.%6DD6Uh4CGZaW|">
                <field name="SECTOR">Dark Red</field>
              </block>
            </value>
          </block>
        </value>
        <statement name="DO0">
          <block type="output_show_text" id="*YnfM%/dNi7-7]Nt1W)j">
            <field name="FIELD">message1</field>
            <value name="TEXT">
              <shadow type="text" id="gk0{;tX9,pKj#!3mZ:4h">
                <field name="TEXT">DARK RED</field>
              </shadow>
            </value>
          </block>
        </statement>
      </block>
    </statement>
  </block>
  <block type="input_move" id="I~P@5~IUzF0e9d1?@Y19" x="759" y="383">
    <statement name="STACK">
      <block type="controls_if" id="Ky{=sErf0RYcgC9=A8.}">
        <value name="IF0">
          <block type="logic_compare" id="KS`A04xMKogj$/|Z%{(e">
            <field name="OP">EQ</field>
            <value name="A">
              <block type="sector_get_sector" id="Xla]RaIEDS0$+)Va8O@q">
                <value name="TOKEN">
                  <shadow type="token_current_token" id="zEA[]/#iyd3P7|1@=xnh"></shadow>
                </value>
              </block>
            </value>
            <value name="B">
              <block type="sector_sector" id="`n5@O]z#+MAH]Pwdtb^V">
                <field name="SECTOR">Red</field>
              </block>
            </value>
          </block>
        </value>
        <statement name="DO0">
          <block type="output_show_text" id="]s10v#Q_krderXd#yc%s">
            <field name="FIELD">message1</field>
            <value name="TEXT">
              <shadow type="text" id="A5L2zK)+oVN-orcd/a{Y">
                <field name="TEXT">RED</field>
              </shadow>
            </value>
          </block>
        </statement>
      </block>
    </statement>
  </block>
  <block type="input_move" id="D(920?]fwzuK_N$C3yF/" x="62" y="537">
    <statement name="STACK">
      <block type="controls_if" id="z-*=W3}atMr/vik|uNAa">
        <value name="IF0">
          <block type="logic_compare" id="d|Xkfu3#Bw%h7,GqaZTG">
            <field name="OP">EQ</field>
            <value name="A">
              <block type="sector_get_sector" id="wG}Z{VD%UGLN.f6xo_fJ">
                <value name="TOKEN">
                  <shadow type="token_current_token" id="X5Ay_$BFTet!Agqw_wfW"></shadow>
                </value>
              </block>
            </value>
            <value name="B">
              <block type="sector_sector" id="c;@7GsL9MV6!!t7^-r^+">
                <field name="SECTOR">Light Green</field>
              </block>
            </value>
          </block>
        </value>
        <statement name="DO0">
          <block type="output_show_text" id="bqag?ny.sn=Em^^xk8jt">
            <field name="FIELD">message1</field>
            <value name="TEXT">
              <shadow type="text" id="x52Mx{;.!}*EA]Ce`*+W">
                <field name="TEXT">LIGHT GREEN</field>
              </shadow>
            </value>
          </block>
        </statement>
      </block>
    </statement>
  </block>
  <block type="input_move" id="!!E]xg4x`B]^lHUuo)oH" x="755" y="544">
    <statement name="STACK">
      <block type="controls_if" id="XCI_aOr+-P~o/.-HCK;?">
        <value name="IF0">
          <block type="logic_compare" id="FP6B[cnOM}0$u(b%#VF$">
            <field name="OP">EQ</field>
            <value name="A">
              <block type="sector_get_sector" id="c,[c(_1)ervGey)iLni!">
                <value name="TOKEN">
                  <shadow type="token_current_token" id="?2B?Rk.n{~ZONmUUeumg"></shadow>
                </value>
              </block>
            </value>
            <value name="B">
              <block type="sector_sector" id="+dtm1q*)YcCs_a,(e9+B">
                <field name="SECTOR">End Sector</field>
              </block>
            </value>
          </block>
        </value>
        <statement name="DO0">
          <block type="output_show_text" id="m+#mpd8b%jP`L^-cI6@g">
            <field name="FIELD">message1</field>
            <value name="TEXT">
              <shadow type="text" id="{J!K5_COxqw9t.77`)pg">
                <field name="TEXT">END SECTOR</field>
              </shadow>
            </value>
          </block>
        </statement>
      </block>
    </statement>
  </block>
  <block type="input_move" id="CCyPk}NMbtrEJ#zut2`M" x="80" y="680">
    <statement name="STACK">
      <block type="controls_if" id="ga||Jp:{..Zqykl`mE{N">
        <value name="IF0">
          <block type="logic_compare" id="QwFvtB^Zj@QHEYe5w|uU">
            <field name="OP">EQ</field>
            <value name="A">
              <block type="sector_get_sector" id="QNeqh{)S/9{d=k:/*t9{">
                <value name="TOKEN">
                  <shadow type="token_current_token" id="0f+)M2Fo_2GRC#Ib/WXn"></shadow>
                </value>
              </block>
            </value>
            <value name="B">
              <block type="sector_sector" id="C4%A-}^+8@MeSIYl$F{e">
                <field name="SECTOR">Dark Green</field>
              </block>
            </value>
          </block>
        </value>
        <statement name="DO0">
          <block type="output_show_text" id="CI_H}#/CyQxl9r]Xuuh^">
            <field name="FIELD">message1</field>
            <value name="TEXT">
              <shadow type="text" id="%(8%f?8[T^N/Hg%.*eqi">
                <field name="TEXT">DARK GREEN</field>
              </shadow>
            </value>
          </block>
        </statement>
      </block>
    </statement>
  </block>
  <block type="input_move" id="q]?B}fB^6@^XG7eN]KLj" x="770" y="700">
    <statement name="STACK">
      <block type="controls_if" id="?]1Wme9tNB|*.00e~`5Y">
        <value name="IF0">
          <block type="logic_compare" id=")1mfpv[2H$lMPP2rd4$:">
            <field name="OP">EQ</field>
            <value name="A">
              <block type="sector_get_sector" id="Ah$=YpXo;(s/Zat~pKXl">
                <value name="TOKEN">
                  <shadow type="token_current_token" id="+_~ftGaHSwF%v$5$24bE"></shadow>
                </value>
              </block>
            </value>
            <value name="B">
              <block type="sector_sector" id="gO|43wwX29o$;pfwgJbL">
                <field name="SECTOR">Orange</field>
              </block>
            </value>
          </block>
        </value>
        <statement name="DO0">
          <block type="output_show_text" id="$V][n/#dvo|ei.h/=30/">
            <field name="FIELD">message1</field>
            <value name="TEXT">
              <shadow type="text" id="%_=];G,;vSz={%(9A?0/">
                <field name="TEXT">ORANGE</field>
              </shadow>
            </value>
          </block>
        </statement>
      </block>
    </statement>
  </block>
  <block type="input_move" id="JEEJ6~Y46@{2?X#o112B" x="31" y="815">
    <statement name="STACK">
      <block type="controls_if" id="0|YRU8Vf8UMvDQ/7`r`K">
        <value name="IF0">
          <block type="logic_compare" id="*s@y/@l;:+TF!@O*!z|$">
            <field name="OP">EQ</field>
            <value name="A">
              <block type="sector_get_sector" id="fFT_H/f9Z:^mPQ$Zr8*T">
                <value name="TOKEN">
                  <shadow type="token_current_token" id="gJyXOb$cOf}dG,uZtj08"></shadow>
                </value>
              </block>
            </value>
            <value name="B">
              <block type="sector_sector" id="SyGl}*op[vP-(oSTgCu:">
                <field name="SECTOR">Dark Orange</field>
              </block>
            </value>
          </block>
        </value>
        <statement name="DO0">
          <block type="output_show_text" id="9oOAl9hUwga$`Z`o?xo!">
            <field name="FIELD">message1</field>
            <value name="TEXT">
              <shadow type="text" id="]1,c,ekSl@TzfLvY,]Y~">
                <field name="TEXT">DARK ORANGE</field>
              </shadow>
            </value>
          </block>
        </statement>
      </block>
    </statement>
  </block>
  <block type="input_move" id="M}8d%rlw;oMtxX$sEZSm" x="754" y="813">
    <statement name="STACK">
      <block type="controls_if" id="}+6312m9AIfu4IU+h8wC">
        <value name="IF0">
          <block type="logic_compare" id="[:Kf(d0[G;UaN)5+vfr3">
            <field name="OP">EQ</field>
            <value name="A">
              <block type="sector_get_sector" id="1Ej9]^3.O5juX73cqF$,">
                <value name="TOKEN">
                  <shadow type="token_current_token" id="zwv2#vzsk%L(mQh/(Qiu"></shadow>
                </value>
              </block>
            </value>
            <value name="B">
              <block type="sector_sector" id="{pMVersI62AEt_~/l1K]">
                <field name="SECTOR">Mid Sector</field>
              </block>
            </value>
          </block>
        </value>
        <statement name="DO0">
          <block type="output_show_text" id="`7Pi`UuytLXReYerL:To">
            <field name="FIELD">message1</field>
            <value name="TEXT">
              <shadow type="text" id="FRtPhGD-P;uY?Pdt?-X9">
                <field name="TEXT">MID SECTOR</field>
              </shadow>
            </value>
          </block>
        </statement>
      </block>
    </statement>
  </block>
</xml>